"../../../Engine/Content/EditorResources/S_Actor.ubulk" 0
"../../../Engine/Content/EditorResources/S_Actor.uasset" 1
"../../../Engine/Content/EditorResources/S_Actor.uexp" 2
"../../../Engine/Content/EditorResources/S_BoxReflectionCapture.uasset" 3
"../../../Engine/Content/EditorResources/S_BoxReflectionCapture.uexp" 4
"../../../Engine/Content/EngineResources/DefaultTexture.ubulk" 5
"../../../Engine/Content/EngineResources/DefaultTexture.uasset" 6
"../../../Engine/Content/EngineResources/DefaultTexture.uexp" 7
"../../../Engine/Content/EngineResources/DefaultTextureCube.uasset" 8
"../../../Engine/Content/EngineResources/DefaultTextureCube.uexp" 9
"../../../Engine/Content/EngineResources/DefaultVolumeTexture2D.uasset" 10
"../../../Engine/Content/EngineResources/DefaultVolumeTexture2D.uexp" 11
"../../../Engine/Content/EngineResources/DefaultVolumeTexture.uasset" 12
"../../../Engine/Content/EngineResources/DefaultVolumeTexture.uexp" 13
"../../../Engine/Content/EditorResources/S_Trigger.ubulk" 14
"../../../Engine/Content/EditorResources/S_Trigger.uasset" 15
"../../../Engine/Content/EditorResources/S_Trigger.uexp" 16
"../../../Engine/Content/EditorResources/S_TriggerBox.uasset" 17
"../../../Engine/Content/EditorResources/S_TriggerBox.uexp" 18
"../../../Engine/Content/EditorResources/S_TriggerCapsule.uasset" 19
"../../../Engine/Content/EditorResources/S_TriggerCapsule.uexp" 20
"../../../Engine/Content/EditorResources/S_TriggerSphere.uasset" 21
"../../../Engine/Content/EditorResources/S_TriggerSphere.uexp" 22
"../../../Engine/Content/EngineMeshes/Sphere.ubulk" 23
"../../../Engine/Content/EngineMeshes/Sphere.uasset" 24
"../../../Engine/Content/EngineMeshes/Sphere.uexp" 25
"../../../Engine/Content/EngineResources/GradientTexture0.uasset" 26
"../../../Engine/Content/EngineResources/GradientTexture0.uexp" 27
"../../../Engine/Content/EngineResources/Black.uasset" 28
"../../../Engine/Content/EngineResources/Black.uexp" 29
"../../../Engine/Content/VREditor/LaserPointer/VR_LaserPower_01.ubulk" 30
"../../../Engine/Content/VREditor/LaserPointer/VR_LaserPower_01.uasset" 31
"../../../Engine/Content/VREditor/LaserPointer/VR_LaserPower_01.uexp" 32
"../../../Engine/Content/VREditor/TransformGizmo/TransformGizmoMaterial.uasset" 33
"../../../Engine/Content/VREditor/TransformGizmo/TransformGizmoMaterial.uexp" 34
"../../../Engine/Content/VREditor/TransformGizmo/TranslucentTransformGizmoMaterial.uasset" 35
"../../../Engine/Content/VREditor/TransformGizmo/TranslucentTransformGizmoMaterial.uexp" 36
"../../../Engine/Content/VREditor/TransformGizmo/PlaneTranslationHandle.ubulk" 37
"../../../Engine/Content/VREditor/TransformGizmo/PlaneTranslationHandle.uasset" 38
"../../../Engine/Content/VREditor/TransformGizmo/PlaneTranslationHandle.uexp" 39
"../../../Engine/Content/VREditor/TransformGizmo/BoundingBoxCorner.ubulk" 40
"../../../Engine/Content/VREditor/TransformGizmo/BoundingBoxCorner.uasset" 41
"../../../Engine/Content/VREditor/TransformGizmo/BoundingBoxCorner.uexp" 42
"../../../Engine/Content/VREditor/TransformGizmo/BoundingBoxEdge.ubulk" 43
"../../../Engine/Content/VREditor/TransformGizmo/BoundingBoxEdge.uasset" 44
"../../../Engine/Content/VREditor/TransformGizmo/BoundingBoxEdge.uexp" 45
"../../../Engine/Content/VREditor/TransformGizmo/Main.uasset" 46
"../../../Engine/Content/VREditor/TransformGizmo/Main.uexp" 47
"../../../Engine/Content/VREditor/TransformGizmo/Xray.uasset" 48
"../../../Engine/Content/VREditor/TransformGizmo/Xray.uexp" 49
"../../../Engine/Content/VREditor/TransformGizmo/SM_Sequencer_Node.ubulk" 50
"../../../Engine/Content/VREditor/TransformGizmo/SM_Sequencer_Node.uasset" 51
"../../../Engine/Content/VREditor/TransformGizmo/SM_Sequencer_Node.uexp" 52
"../../../Engine/Content/EditorMaterials/Camera/CineMat.uasset" 53
"../../../Engine/Content/EditorMaterials/Camera/CineMat.uexp" 54
"../../../Engine/Content/EditorMaterials/Camera/MI_CineMat_Rig.uasset" 55
"../../../Engine/Content/EditorMaterials/Camera/MI_CineMat_Rig.uexp" 56
"../../../Engine/Content/EditorMeshes/Camera/SM_CraneRig_Base.ubulk" 57
"../../../Engine/Content/EditorMeshes/Camera/SM_CraneRig_Base.uasset" 58
"../../../Engine/Content/EditorMeshes/Camera/SM_CraneRig_Base.uexp" 59
"../../../Engine/Content/EditorMeshes/Camera/SM_CraneRig_Arm.ubulk" 60
"../../../Engine/Content/EditorMeshes/Camera/SM_CraneRig_Arm.uasset" 61
"../../../Engine/Content/EditorMeshes/Camera/SM_CraneRig_Arm.uexp" 62
"../../../Engine/Content/EditorMeshes/Camera/SM_CraneRig_Mount.ubulk" 63
"../../../Engine/Content/EditorMeshes/Camera/SM_CraneRig_Mount.uasset" 64
"../../../Engine/Content/EditorMeshes/Camera/SM_CraneRig_Mount.uexp" 65
"../../../Engine/Content/EditorMeshes/Camera/SM_CraneRig_Body.ubulk" 66
"../../../Engine/Content/EditorMeshes/Camera/SM_CraneRig_Body.uasset" 67
"../../../Engine/Content/EditorMeshes/Camera/SM_CraneRig_Body.uexp" 68
"../../../Engine/Content/EditorMeshes/Camera/SM_RailRig_Track.ubulk" 69
"../../../Engine/Content/EditorMeshes/Camera/SM_RailRig_Track.uasset" 70
"../../../Engine/Content/EditorMeshes/Camera/SM_RailRig_Track.uexp" 71
"../../../Engine/Content/EditorMeshes/Camera/SM_RailRig_Mount.ubulk" 72
"../../../Engine/Content/EditorMeshes/Camera/SM_RailRig_Mount.uasset" 73
"../../../Engine/Content/EditorMeshes/Camera/SM_RailRig_Mount.uexp" 74
"../../../Engine/Content/EngineMaterials/T_Default_Material_Grid_M.ubulk" 75
"../../../Engine/Content/EngineMaterials/T_Default_Material_Grid_M.uasset" 76
"../../../Engine/Content/EngineMaterials/T_Default_Material_Grid_M.uexp" 77
"../../../Engine/Content/EngineMaterials/T_Default_Material_Grid_N.ubulk" 78
"../../../Engine/Content/EngineMaterials/T_Default_Material_Grid_N.uasset" 79
"../../../Engine/Content/EngineMaterials/T_Default_Material_Grid_N.uexp" 80
"../../../Engine/Content/Functions/Engine_MaterialFunctions01/Opacity/CameraDepthFade.uasset" 81
"../../../Engine/Content/Functions/Engine_MaterialFunctions01/Opacity/CameraDepthFade.uexp" 82
"../../../Engine/Content/EngineMaterials/WorldGridMaterial.uasset" 83
"../../../Engine/Content/EngineMaterials/WorldGridMaterial.uexp" 84
"../../../Engine/Content/ArtTools/RenderToTexture/Meshes/S_1_Unit_Plane.ubulk" 85
"../../../Engine/Content/ArtTools/RenderToTexture/Meshes/S_1_Unit_Plane.uasset" 86
"../../../Engine/Content/ArtTools/RenderToTexture/Meshes/S_1_Unit_Plane.uexp" 87
"../../../Engine/Content/EditorMaterials/ParticleSystems/PSysThumbnail_NoImage.ubulk" 88
"../../../Engine/Content/EditorMaterials/ParticleSystems/PSysThumbnail_NoImage.uasset" 89
"../../../Engine/Content/EditorMaterials/ParticleSystems/PSysThumbnail_NoImage.uexp" 90
"../../../Engine/Content/EditorMaterials/ParticleSystems/PSysThumbnail_OOD.ubulk" 91
"../../../Engine/Content/EditorMaterials/ParticleSystems/PSysThumbnail_OOD.uasset" 92
"../../../Engine/Content/EditorMaterials/ParticleSystems/PSysThumbnail_OOD.uexp" 93
"../../../Engine/Content/EditorLandscapeResources/SplineEditorMeshMat.uasset" 94
"../../../Engine/Content/EditorLandscapeResources/SplineEditorMeshMat.uexp" 95
"../../../Engine/Content/EditorLandscapeResources/SplineEditorMesh.ubulk" 96
"../../../Engine/Content/EditorLandscapeResources/SplineEditorMesh.uasset" 97
"../../../Engine/Content/EditorLandscapeResources/SplineEditorMesh.uexp" 98
"../../../Engine/Content/EditorResources/S_Solver.ubulk" 99
"../../../Engine/Content/EditorResources/S_Solver.uasset" 100
"../../../Engine/Content/EditorResources/S_Solver.uexp" 101
"../../../Engine/Plugins/Media/MediaPlate/Content/SM_MediaPlateScreen.ubulk" 102
"../../../Engine/Plugins/Media/MediaPlate/Content/SM_MediaPlateScreen.uasset" 103
"../../../Engine/Plugins/Media/MediaPlate/Content/SM_MediaPlateScreen.uexp" 104
"../../../Engine/Content/EngineMaterials/Good64x64TilingNoiseHighFreq.uasset" 105
"../../../Engine/Content/EngineMaterials/Good64x64TilingNoiseHighFreq.uexp" 106
"../../../Engine/Content/EngineMaterials/DefaultBokeh.uasset" 107
"../../../Engine/Content/EngineMaterials/DefaultBokeh.uexp" 108
"../../../Engine/Content/EngineMaterials/PreintegratedSkinBRDF.uasset" 109
"../../../Engine/Content/EngineMaterials/PreintegratedSkinBRDF.uexp" 110
"../../../Engine/Content/EngineMaterials/MiniFont.uasset" 111
"../../../Engine/Content/EngineMaterials/MiniFont.uexp" 112
"../../../Engine/Content/EngineMaterials/WeightMapPlaceholderTexture.uasset" 113
"../../../Engine/Content/EngineMaterials/WeightMapPlaceholderTexture.uexp" 114
"../../../Engine/Content/EngineMaterials/DefaultWhiteGrid.ubulk" 115
"../../../Engine/Content/EngineMaterials/DefaultWhiteGrid.uasset" 116
"../../../Engine/Content/EngineMaterials/DefaultWhiteGrid.uexp" 117
"../../../Engine/Content/Functions/Engine_MaterialFunctions02/WorldPositionOffset/CameraOffset.uasset" 118
"../../../Engine/Content/Functions/Engine_MaterialFunctions02/WorldPositionOffset/CameraOffset.uexp" 119
"../../../Engine/Plugins/Animation/ControlRig/Content/M_Manip.uasset" 120
"../../../Engine/Plugins/Animation/ControlRig/Content/M_Manip.uexp" 121
"../../../Engine/Plugins/2D/Paper2D/Content/PlaceholderTextures/DummySpriteTexture.ubulk" 122
"../../../Engine/Plugins/2D/Paper2D/Content/PlaceholderTextures/DummySpriteTexture.uasset" 123
"../../../Engine/Plugins/2D/Paper2D/Content/PlaceholderTextures/DummySpriteTexture.uexp" 124
"../../../Engine/Plugins/2D/Paper2D/Content/DefaultSpriteMaterial.uasset" 125
"../../../Engine/Plugins/2D/Paper2D/Content/DefaultSpriteMaterial.uexp" 126
"../../../Engine/Plugins/2D/Paper2D/Content/OpaqueUnlitSpriteMaterial.uasset" 127
"../../../Engine/Plugins/2D/Paper2D/Content/OpaqueUnlitSpriteMaterial.uexp" 128
"../../../Engine/Plugins/2D/Paper2D/Content/MaskedUnlitSpriteMaterial.uasset" 129
"../../../Engine/Plugins/2D/Paper2D/Content/MaskedUnlitSpriteMaterial.uexp" 130
"../../../Engine/Plugins/2D/Paper2D/Content/DummySprite.uasset" 131
"../../../Engine/Plugins/2D/Paper2D/Content/DummySprite.uexp" 132
"../../../Engine/Plugins/2D/Paper2D/Content/DefaultPaperTerrainMaterial.uasset" 133
"../../../Engine/Plugins/2D/Paper2D/Content/DefaultPaperTerrainMaterial.uexp" 134
"../../../Engine/Plugins/Animation/ControlRig/Content/Controls/DefaultGizmoLibraryNormalized.uasset" 135
"../../../Engine/Plugins/Animation/ControlRig/Content/Controls/DefaultGizmoLibraryNormalized.uexp" 136
"../../../Engine/Plugins/Animation/ControlRig/Content/Controls/ControlRig_Wedge_solid.ubulk" 137
"../../../Engine/Plugins/Animation/ControlRig/Content/Controls/ControlRig_Wedge_solid.uasset" 138
"../../../Engine/Plugins/Animation/ControlRig/Content/Controls/ControlRig_Wedge_solid.uexp" 139
"../../../Engine/Plugins/Animation/ControlRig/Content/Controls/ControlRig_Wedge_3mm.ubulk" 140
"../../../Engine/Plugins/Animation/ControlRig/Content/Controls/ControlRig_Wedge_3mm.uasset" 141
"../../../Engine/Plugins/Animation/ControlRig/Content/Controls/ControlRig_Wedge_3mm.uexp" 142
"../../../Engine/Plugins/Animation/ControlRig/Content/Controls/ControlRig_Wedge_1mm.ubulk" 143
"../../../Engine/Plugins/Animation/ControlRig/Content/Controls/ControlRig_Wedge_1mm.uasset" 144
"../../../Engine/Plugins/Animation/ControlRig/Content/Controls/ControlRig_Wedge_1mm.uexp" 145
"../../../Engine/Plugins/Animation/ControlRig/Content/Controls/ControlRig_Triangle_solid.ubulk" 146
"../../../Engine/Plugins/Animation/ControlRig/Content/Controls/ControlRig_Triangle_solid.uasset" 147
"../../../Engine/Plugins/Animation/ControlRig/Content/Controls/ControlRig_Triangle_solid.uexp" 148
"../../../Engine/Plugins/Animation/ControlRig/Content/Controls/ControlRig_Triangle_3mm.ubulk" 149
"../../../Engine/Plugins/Animation/ControlRig/Content/Controls/ControlRig_Triangle_3mm.uasset" 150
"../../../Engine/Plugins/Animation/ControlRig/Content/Controls/ControlRig_Triangle_3mm.uexp" 151
"../../../Engine/Plugins/Animation/ControlRig/Content/Controls/ControlRig_Triangle_1mm.ubulk" 152
"../../../Engine/Plugins/Animation/ControlRig/Content/Controls/ControlRig_Triangle_1mm.uasset" 153
"../../../Engine/Plugins/Animation/ControlRig/Content/Controls/ControlRig_Triangle_1mm.uexp" 154
"../../../Engine/Plugins/Animation/ControlRig/Content/Controls/ControlRig_Star4_solid.ubulk" 155
"../../../Engine/Plugins/Animation/ControlRig/Content/Controls/ControlRig_Star4_solid.uasset" 156
"../../../Engine/Plugins/Animation/ControlRig/Content/Controls/ControlRig_Star4_solid.uexp" 157
"../../../Engine/Plugins/Animation/ControlRig/Content/Controls/ControlRig_Star4_3mm.ubulk" 158
"../../../Engine/Plugins/Animation/ControlRig/Content/Controls/ControlRig_Star4_3mm.uasset" 159
"../../../Engine/Plugins/Animation/ControlRig/Content/Controls/ControlRig_Star4_3mm.uexp" 160
"../../../Engine/Plugins/Animation/ControlRig/Content/Controls/ControlRig_Star4_1mm.ubulk" 161
"../../../Engine/Plugins/Animation/ControlRig/Content/Controls/ControlRig_Star4_1mm.uasset" 162
"../../../Engine/Plugins/Animation/ControlRig/Content/Controls/ControlRig_Star4_1mm.uexp" 163
"../../../Engine/Plugins/Animation/ControlRig/Content/Controls/ControlRig_Square_solid.ubulk" 164
"../../../Engine/Plugins/Animation/ControlRig/Content/Controls/ControlRig_Square_solid.uasset" 165
"../../../Engine/Plugins/Animation/ControlRig/Content/Controls/ControlRig_Square_solid.uexp" 166
"../../../Engine/Plugins/Animation/ControlRig/Content/Controls/ControlRig_Square_3mm.ubulk" 167
"../../../Engine/Plugins/Animation/ControlRig/Content/Controls/ControlRig_Square_3mm.uasset" 168
"../../../Engine/Plugins/Animation/ControlRig/Content/Controls/ControlRig_Square_3mm.uexp" 169
"../../../Engine/Plugins/Animation/ControlRig/Content/Controls/ControlRig_Square_1mm.ubulk" 170
"../../../Engine/Plugins/Animation/ControlRig/Content/Controls/ControlRig_Square_1mm.uasset" 171
"../../../Engine/Plugins/Animation/ControlRig/Content/Controls/ControlRig_Square_1mm.uexp" 172
"../../../Engine/Plugins/Animation/ControlRig/Content/Controls/ControlRig_Sphere_solid.ubulk" 173
"../../../Engine/Plugins/Animation/ControlRig/Content/Controls/ControlRig_Sphere_solid.uasset" 174
"../../../Engine/Plugins/Animation/ControlRig/Content/Controls/ControlRig_Sphere_solid.uexp" 175
"../../../Engine/Plugins/Animation/ControlRig/Content/Controls/ControlRig_Sphere_3mm.ubulk" 176
"../../../Engine/Plugins/Animation/ControlRig/Content/Controls/ControlRig_Sphere_3mm.uasset" 177
"../../../Engine/Plugins/Animation/ControlRig/Content/Controls/ControlRig_Sphere_3mm.uexp" 178
"../../../Engine/Plugins/Animation/ControlRig/Content/Controls/ControlRig_Sphere_1mm.ubulk" 179
"../../../Engine/Plugins/Animation/ControlRig/Content/Controls/ControlRig_Sphere_1mm.uasset" 180
"../../../Engine/Plugins/Animation/ControlRig/Content/Controls/ControlRig_Sphere_1mm.uexp" 181
"../../../Engine/Plugins/Runtime/MeshModelingToolset/Content/Materials/M_DynamicMeshComponentVtxColor.uasset" 182
"../../../Engine/Plugins/Runtime/MeshModelingToolset/Content/Materials/M_DynamicMeshComponentVtxColor.uexp" 183
"../../../Engine/Plugins/Interchange/Runtime/Content/Pipelines/DefaultTexturePipeline.uasset" 184
"../../../Engine/Plugins/Interchange/Runtime/Content/Pipelines/DefaultTexturePipeline.uexp" 185
"../../../Engine/Plugins/Interchange/Runtime/Content/Pipelines/DefaultSceneLevelPipeline.uasset" 186
"../../../Engine/Plugins/Interchange/Runtime/Content/Pipelines/DefaultSceneLevelPipeline.uexp" 187
"../../../Engine/Plugins/Interchange/Runtime/Content/Pipelines/DefaultSceneAssetsPipeline.uasset" 188
"../../../Engine/Plugins/Interchange/Runtime/Content/Pipelines/DefaultSceneAssetsPipeline.uexp" 189
"../../../Engine/Plugins/Interchange/Runtime/Content/Pipelines/DefaultMaterialPipeline.uasset" 190
"../../../Engine/Plugins/Interchange/Runtime/Content/Pipelines/DefaultMaterialPipeline.uexp" 191
"../../../Engine/Plugins/Interchange/Runtime/Content/Pipelines/DefaultAssetsPipeline.uasset" 192
"../../../Engine/Plugins/Interchange/Runtime/Content/Pipelines/DefaultAssetsPipeline.uexp" 193
"../../../Engine/Plugins/Editor/SpeedTreeImporter/Content/SpeedTree9/game_wind_noise.ubulk" 194
"../../../Engine/Plugins/Editor/SpeedTreeImporter/Content/SpeedTree9/game_wind_noise.uasset" 195
"../../../Engine/Plugins/Editor/SpeedTreeImporter/Content/SpeedTree9/game_wind_noise.uexp" 196
"../../../Engine/Plugins/Editor/SpeedTreeImporter/Content/SpeedTree9/UnpackDirection.uasset" 197
"../../../Engine/Plugins/Editor/SpeedTreeImporter/Content/SpeedTree9/UnpackDirection.uexp" 198
"../../../Engine/Content/Functions/Engine_MaterialFunctions02/ObjectLocalBounds.uasset" 199
"../../../Engine/Content/Functions/Engine_MaterialFunctions02/ObjectLocalBounds.uexp" 200
"../../../Engine/Content/Functions/Engine_MaterialFunctions02/Utility/BreakOutFloat3Components.uasset" 201
"../../../Engine/Content/Functions/Engine_MaterialFunctions02/Utility/BreakOutFloat3Components.uexp" 202
"../../../Engine/Content/Functions/Engine_MaterialFunctions02/UVs/BoundingBoxBased_0-1_UVW.uasset" 203
"../../../Engine/Content/Functions/Engine_MaterialFunctions02/UVs/BoundingBoxBased_0-1_UVW.uexp" 204
"../../../Engine/Content/Functions/Engine_MaterialFunctions02/Utility/VectorLength.uasset" 205
"../../../Engine/Content/Functions/Engine_MaterialFunctions02/Utility/VectorLength.uexp" 206
"../../../Engine/Plugins/Editor/SpeedTreeImporter/Content/SpeedTree9/UnpackInteger3.uasset" 207
"../../../Engine/Plugins/Editor/SpeedTreeImporter/Content/SpeedTree9/UnpackInteger3.uexp" 208
"../../../Engine/Plugins/Editor/SpeedTreeImporter/Content/SpeedTree9/SpeedTreeCameraFacing.uasset" 209
"../../../Engine/Plugins/Editor/SpeedTreeImporter/Content/SpeedTree9/SpeedTreeCameraFacing.uexp" 210
"../../../Engine/Content/Functions/Engine_MaterialFunctions02/WorldPositionOffset/ObjectScale.uasset" 211
"../../../Engine/Content/Functions/Engine_MaterialFunctions02/WorldPositionOffset/ObjectScale.uexp" 212
"../../../Engine/Content/Functions/Engine_MaterialFunctions02/SafeNormalize.uasset" 213
"../../../Engine/Content/Functions/Engine_MaterialFunctions02/SafeNormalize.uexp" 214
"../../../Engine/Plugins/Editor/SpeedTreeImporter/Content/SpeedTree9/SpeedTreeWindMotion.uasset" 215
"../../../Engine/Plugins/Editor/SpeedTreeImporter/Content/SpeedTree9/SpeedTreeWindMotion.uexp" 216
"../../../Engine/Plugins/Editor/SpeedTreeImporter/Content/SpeedTree9/SpeedTreeBranchMotion.uasset" 217
"../../../Engine/Plugins/Editor/SpeedTreeImporter/Content/SpeedTree9/SpeedTreeBranchMotion.uexp" 218
"../../../Engine/Plugins/Editor/SpeedTreeImporter/Content/SpeedTree9/SpeedTreeWind.uasset" 219
"../../../Engine/Plugins/Editor/SpeedTreeImporter/Content/SpeedTree9/SpeedTreeWind.uexp" 220
"../../../Engine/Plugins/Editor/SpeedTreeImporter/Content/SpeedTree9/EmptyNormal.uasset" 221
"../../../Engine/Plugins/Editor/SpeedTreeImporter/Content/SpeedTree9/EmptyNormal.uexp" 222
"../../../Engine/Plugins/Editor/SpeedTreeImporter/Content/SpeedTree9/Empty.uasset" 223
"../../../Engine/Plugins/Editor/SpeedTreeImporter/Content/SpeedTree9/Empty.uexp" 224
"../../../Engine/Plugins/Editor/SpeedTreeImporter/Content/SpeedTree9/SpeedTreeMaster.uasset" 225
"../../../Engine/Plugins/Editor/SpeedTreeImporter/Content/SpeedTree9/SpeedTreeMaster.uexp" 226
"../../../Engine/Plugins/Editor/SpeedTreeImporter/Content/SpeedTree9/SpeedTreeBillboard.uasset" 227
"../../../Engine/Plugins/Editor/SpeedTreeImporter/Content/SpeedTree9/SpeedTreeBillboard.uexp" 228
"../../../Engine/Plugins/Editor/SpeedTreeImporter/Content/SpeedTree9/SpeedTreeBillboardMaster.uasset" 229
"../../../Engine/Plugins/Editor/SpeedTreeImporter/Content/SpeedTree9/SpeedTreeBillboardMaster.uexp" 230
"../../../Engine/Plugins/Animation/ControlRig/Content/Controls/ControlRig_RoundedTriangle_solid.ubulk" 231
"../../../Engine/Plugins/Animation/ControlRig/Content/Controls/ControlRig_RoundedTriangle_solid.uasset" 232
"../../../Engine/Plugins/Animation/ControlRig/Content/Controls/ControlRig_RoundedTriangle_solid.uexp" 233
"../../../Engine/Plugins/Animation/ControlRig/Content/Controls/ControlRig_RoundedTriangle_3mm.ubulk" 234
"../../../Engine/Plugins/Animation/ControlRig/Content/Controls/ControlRig_RoundedTriangle_3mm.uasset" 235
"../../../Engine/Plugins/Animation/ControlRig/Content/Controls/ControlRig_RoundedTriangle_3mm.uexp" 236
"../../../Engine/Plugins/Animation/ControlRig/Content/Controls/ControlRig_RoundedTriangle_1mm.ubulk" 237
"../../../Engine/Plugins/Animation/ControlRig/Content/Controls/ControlRig_RoundedTriangle_1mm.uasset" 238
"../../../Engine/Plugins/Animation/ControlRig/Content/Controls/ControlRig_RoundedTriangle_1mm.uexp" 239
"../../../Engine/Plugins/Animation/ControlRig/Content/Controls/ControlRig_RoundedSquare_solid.ubulk" 240
"../../../Engine/Plugins/Animation/ControlRig/Content/Controls/ControlRig_RoundedSquare_solid.uasset" 241
"../../../Engine/Plugins/Animation/ControlRig/Content/Controls/ControlRig_RoundedSquare_solid.uexp" 242
"../../../Engine/Plugins/Animation/ControlRig/Content/Controls/ControlRig_RoundedSquare_3mm.ubulk" 243
"../../../Engine/Plugins/Animation/ControlRig/Content/Controls/ControlRig_RoundedSquare_3mm.uasset" 244
"../../../Engine/Plugins/Animation/ControlRig/Content/Controls/ControlRig_RoundedSquare_3mm.uexp" 245
"../../../Engine/Plugins/Animation/ControlRig/Content/Controls/ControlRig_RoundedSquare_1mm.ubulk" 246
"../../../Engine/Plugins/Animation/ControlRig/Content/Controls/ControlRig_RoundedSquare_1mm.uasset" 247
"../../../Engine/Plugins/Animation/ControlRig/Content/Controls/ControlRig_RoundedSquare_1mm.uexp" 248
"../../../Engine/Plugins/Animation/ControlRig/Content/Controls/ControlRig_QuarterCircle_solid.ubulk" 249
"../../../Engine/Plugins/Animation/ControlRig/Content/Controls/ControlRig_QuarterCircle_solid.uasset" 250
"../../../Engine/Plugins/Animation/ControlRig/Content/Controls/ControlRig_QuarterCircle_solid.uexp" 251
"../../../Engine/Plugins/Animation/ControlRig/Content/Controls/ControlRig_QuarterCircle_3mm.ubulk" 252
"../../../Engine/Plugins/Animation/ControlRig/Content/Controls/ControlRig_QuarterCircle_3mm.uasset" 253
"../../../Engine/Plugins/Animation/ControlRig/Content/Controls/ControlRig_QuarterCircle_3mm.uexp" 254
"../../../Engine/Plugins/Animation/ControlRig/Content/Controls/ControlRig_QuarterCircle_1mm.ubulk" 255
"../../../Engine/Plugins/Animation/ControlRig/Content/Controls/ControlRig_QuarterCircle_1mm.uasset" 256
"../../../Engine/Plugins/Animation/ControlRig/Content/Controls/ControlRig_QuarterCircle_1mm.uexp" 257
"../../../Engine/Plugins/Animation/ControlRig/Content/Controls/ControlRig_Pyramid_solid.ubulk" 258
"../../../Engine/Plugins/Animation/ControlRig/Content/Controls/ControlRig_Pyramid_solid.uasset" 259
"../../../Engine/Plugins/Animation/ControlRig/Content/Controls/ControlRig_Pyramid_solid.uexp" 260
"../../../Engine/Plugins/Animation/ControlRig/Content/Controls/ControlRig_Pyramid_3mm.ubulk" 261
"../../../Engine/Plugins/Animation/ControlRig/Content/Controls/ControlRig_Pyramid_3mm.uasset" 262
"../../../Engine/Plugins/Animation/ControlRig/Content/Controls/ControlRig_Pyramid_3mm.uexp" 263
"../../../Engine/Plugins/Animation/ControlRig/Content/Controls/ControlRig_Pyramid_1mm.ubulk" 264
"../../../Engine/Plugins/Animation/ControlRig/Content/Controls/ControlRig_Pyramid_1mm.uasset" 265
"../../../Engine/Plugins/Animation/ControlRig/Content/Controls/ControlRig_Pyramid_1mm.uexp" 266
"../../../Engine/Plugins/Animation/ControlRig/Content/Controls/ControlRig_Octagon_solid.ubulk" 267
"../../../Engine/Plugins/Animation/ControlRig/Content/Controls/ControlRig_Octagon_solid.uasset" 268
"../../../Engine/Plugins/Animation/ControlRig/Content/Controls/ControlRig_Octagon_solid.uexp" 269
"../../../Engine/Plugins/Animation/ControlRig/Content/Controls/ControlRig_Octagon_3mm.ubulk" 270
"../../../Engine/Plugins/Animation/ControlRig/Content/Controls/ControlRig_Octagon_3mm.uasset" 271
"../../../Engine/Plugins/Animation/ControlRig/Content/Controls/ControlRig_Octagon_3mm.uexp" 272
"../../../Engine/Plugins/Animation/ControlRig/Content/Controls/ControlRig_Octagon_1mm.ubulk" 273
"../../../Engine/Plugins/Animation/ControlRig/Content/Controls/ControlRig_Octagon_1mm.uasset" 274
"../../../Engine/Plugins/Animation/ControlRig/Content/Controls/ControlRig_Octagon_1mm.uexp" 275
"../../../Engine/Plugins/Animation/ControlRig/Content/Controls/ControlRig_Hexagon_solid.ubulk" 276
"../../../Engine/Plugins/Animation/ControlRig/Content/Controls/ControlRig_Hexagon_solid.uasset" 277
"../../../Engine/Plugins/Animation/ControlRig/Content/Controls/ControlRig_Hexagon_solid.uexp" 278
"../../../Engine/Plugins/Animation/ControlRig/Content/Controls/ControlRig_Hexagon_3mm.ubulk" 279
"../../../Engine/Plugins/Animation/ControlRig/Content/Controls/ControlRig_Hexagon_3mm.uasset" 280
"../../../Engine/Plugins/Animation/ControlRig/Content/Controls/ControlRig_Hexagon_3mm.uexp" 281
"../../../Engine/Plugins/Animation/ControlRig/Content/Controls/ControlRig_Hexagon_1mm.ubulk" 282
"../../../Engine/Plugins/Animation/ControlRig/Content/Controls/ControlRig_Hexagon_1mm.uasset" 283
"../../../Engine/Plugins/Animation/ControlRig/Content/Controls/ControlRig_Hexagon_1mm.uexp" 284
"../../../Engine/Plugins/Animation/ControlRig/Content/Controls/ControlRig_HalfCircle_solid.ubulk" 285
"../../../Engine/Plugins/Animation/ControlRig/Content/Controls/ControlRig_HalfCircle_solid.uasset" 286
"../../../Engine/Plugins/Animation/ControlRig/Content/Controls/ControlRig_HalfCircle_solid.uexp" 287
"../../../Engine/Plugins/Animation/ControlRig/Content/Controls/ControlRig_HalfCircle_3mm.ubulk" 288
"../../../Engine/Plugins/Animation/ControlRig/Content/Controls/ControlRig_HalfCircle_3mm.uasset" 289
"../../../Engine/Plugins/Animation/ControlRig/Content/Controls/ControlRig_HalfCircle_3mm.uexp" 290
"../../../Engine/Plugins/Animation/ControlRig/Content/Controls/ControlRig_HalfCircle_1mm.ubulk" 291
"../../../Engine/Plugins/Animation/ControlRig/Content/Controls/ControlRig_HalfCircle_1mm.uasset" 292
"../../../Engine/Plugins/Animation/ControlRig/Content/Controls/ControlRig_HalfCircle_1mm.uexp" 293
"../../../Engine/Plugins/Animation/ControlRig/Content/Controls/ControlRig_Diamond_solid.ubulk" 294
"../../../Engine/Plugins/Animation/ControlRig/Content/Controls/ControlRig_Diamond_solid.uasset" 295
"../../../Engine/Plugins/Animation/ControlRig/Content/Controls/ControlRig_Diamond_solid.uexp" 296
"../../../Engine/Plugins/Animation/ControlRig/Content/Controls/ControlRig_Diamond_3mm.ubulk" 297
"../../../Engine/Plugins/Animation/ControlRig/Content/Controls/ControlRig_Diamond_3mm.uasset" 298
"../../../Engine/Plugins/Animation/ControlRig/Content/Controls/ControlRig_Diamond_3mm.uexp" 299
"../../../Engine/Plugins/Animation/ControlRig/Content/Controls/ControlRig_Diamond_1mm.ubulk" 300
"../../../Engine/Plugins/Animation/ControlRig/Content/Controls/ControlRig_Diamond_1mm.uasset" 301
"../../../Engine/Plugins/Animation/ControlRig/Content/Controls/ControlRig_Diamond_1mm.uexp" 302
"../../../Engine/Plugins/Animation/ControlRig/Content/Controls/ControlRig_Circle_solid.ubulk" 303
"../../../Engine/Plugins/Animation/ControlRig/Content/Controls/ControlRig_Circle_solid.uasset" 304
"../../../Engine/Plugins/Animation/ControlRig/Content/Controls/ControlRig_Circle_solid.uexp" 305
"../../../Engine/Plugins/Animation/ControlRig/Content/Controls/ControlRig_Circle_3mm.ubulk" 306
"../../../Engine/Plugins/Animation/ControlRig/Content/Controls/ControlRig_Circle_3mm.uasset" 307
"../../../Engine/Plugins/Animation/ControlRig/Content/Controls/ControlRig_Circle_3mm.uexp" 308
"../../../Engine/Plugins/Animation/ControlRig/Content/Controls/ControlRig_Circle_1mm.ubulk" 309
"../../../Engine/Plugins/Animation/ControlRig/Content/Controls/ControlRig_Circle_1mm.uasset" 310
"../../../Engine/Plugins/Animation/ControlRig/Content/Controls/ControlRig_Circle_1mm.uexp" 311
"../../../Engine/Plugins/Animation/ControlRig/Content/Controls/ControlRig_Box_solid.ubulk" 312
"../../../Engine/Plugins/Animation/ControlRig/Content/Controls/ControlRig_Box_solid.uasset" 313
"../../../Engine/Plugins/Animation/ControlRig/Content/Controls/ControlRig_Box_solid.uexp" 314
"../../../Engine/Plugins/Animation/ControlRig/Content/Controls/ControlRig_Box_3mm.ubulk" 315
"../../../Engine/Plugins/Animation/ControlRig/Content/Controls/ControlRig_Box_3mm.uasset" 316
"../../../Engine/Plugins/Animation/ControlRig/Content/Controls/ControlRig_Box_3mm.uexp" 317
"../../../Engine/Plugins/Animation/ControlRig/Content/Controls/ControlRig_Box_1mm.ubulk" 318
"../../../Engine/Plugins/Animation/ControlRig/Content/Controls/ControlRig_Box_1mm.uasset" 319
"../../../Engine/Plugins/Animation/ControlRig/Content/Controls/ControlRig_Box_1mm.uexp" 320
"../../../Engine/Plugins/Animation/ControlRig/Content/Controls/ControlRig_Arrow_solid.ubulk" 321
"../../../Engine/Plugins/Animation/ControlRig/Content/Controls/ControlRig_Arrow_solid.uasset" 322
"../../../Engine/Plugins/Animation/ControlRig/Content/Controls/ControlRig_Arrow_solid.uexp" 323
"../../../Engine/Plugins/Animation/ControlRig/Content/Controls/ControlRig_Arrow_3mm.ubulk" 324
"../../../Engine/Plugins/Animation/ControlRig/Content/Controls/ControlRig_Arrow_3mm.uasset" 325
"../../../Engine/Plugins/Animation/ControlRig/Content/Controls/ControlRig_Arrow_3mm.uexp" 326
"../../../Engine/Plugins/Animation/ControlRig/Content/Controls/ControlRig_Arrow_1mm.ubulk" 327
"../../../Engine/Plugins/Animation/ControlRig/Content/Controls/ControlRig_Arrow_1mm.uasset" 328
"../../../Engine/Plugins/Animation/ControlRig/Content/Controls/ControlRig_Arrow_1mm.uexp" 329
"../../../Engine/Plugins/Animation/ControlRig/Content/Controls/ControlRig_Arrow4_solid.ubulk" 330
"../../../Engine/Plugins/Animation/ControlRig/Content/Controls/ControlRig_Arrow4_solid.uasset" 331
"../../../Engine/Plugins/Animation/ControlRig/Content/Controls/ControlRig_Arrow4_solid.uexp" 332
"../../../Engine/Plugins/Animation/ControlRig/Content/Controls/ControlRig_Arrow4_3mm.ubulk" 333
"../../../Engine/Plugins/Animation/ControlRig/Content/Controls/ControlRig_Arrow4_3mm.uasset" 334
"../../../Engine/Plugins/Animation/ControlRig/Content/Controls/ControlRig_Arrow4_3mm.uexp" 335
"../../../Engine/Plugins/Animation/ControlRig/Content/Controls/ControlRig_Arrow4_1mm.ubulk" 336
"../../../Engine/Plugins/Animation/ControlRig/Content/Controls/ControlRig_Arrow4_1mm.uasset" 337
"../../../Engine/Plugins/Animation/ControlRig/Content/Controls/ControlRig_Arrow4_1mm.uexp" 338
"../../../Engine/Plugins/Animation/ControlRig/Content/Controls/ControlRig_Arrow2_solid.ubulk" 339
"../../../Engine/Plugins/Animation/ControlRig/Content/Controls/ControlRig_Arrow2_solid.uasset" 340
"../../../Engine/Plugins/Animation/ControlRig/Content/Controls/ControlRig_Arrow2_solid.uexp" 341
"../../../Engine/Plugins/Animation/ControlRig/Content/Controls/ControlRig_Arrow2_3mm.ubulk" 342
"../../../Engine/Plugins/Animation/ControlRig/Content/Controls/ControlRig_Arrow2_3mm.uasset" 343
"../../../Engine/Plugins/Animation/ControlRig/Content/Controls/ControlRig_Arrow2_3mm.uexp" 344
"../../../Engine/Plugins/Animation/ControlRig/Content/Controls/ControlRig_Arrow2_1mm.ubulk" 345
"../../../Engine/Plugins/Animation/ControlRig/Content/Controls/ControlRig_Arrow2_1mm.uasset" 346
"../../../Engine/Plugins/Animation/ControlRig/Content/Controls/ControlRig_Arrow2_1mm.uexp" 347
"../../../Engine/Plugins/Animation/ControlRig/Content/Controls/ControlRigXRayMaterial.uasset" 348
"../../../Engine/Plugins/Animation/ControlRig/Content/Controls/ControlRigXRayMaterial.uexp" 349
"../../../Engine/Plugins/Animation/ControlRig/Content/Controls/ControlRigGizmoMaterial.uasset" 350
"../../../Engine/Plugins/Animation/ControlRig/Content/Controls/ControlRigGizmoMaterial.uexp" 351
"../../../Engine/Content/EngineSounds/Master.uasset" 352
"../../../Engine/Content/EngineSounds/Master.uexp" 353
"../../../Engine/Content/EngineSky/T_Sky_Stars.ubulk" 354
"../../../Engine/Content/EngineSky/T_Sky_Stars.uasset" 355
"../../../Engine/Content/EngineSky/T_Sky_Stars.uexp" 356
"../../../Engine/Content/EngineSky/T_Sky_Clouds_M.ubulk" 357
"../../../Engine/Content/EngineSky/T_Sky_Clouds_M.uasset" 358
"../../../Engine/Content/EngineSky/T_Sky_Clouds_M.uexp" 359
"../../../Engine/Content/EngineSky/T_Sky_Blue.ubulk" 360
"../../../Engine/Content/EngineSky/T_Sky_Blue.uasset" 361
"../../../Engine/Content/EngineSky/T_Sky_Blue.uexp" 362
"../../../Engine/Content/EngineSky/M_Sky_Panning_Clouds2.uasset" 363
"../../../Engine/Content/EngineSky/M_Sky_Panning_Clouds2.uexp" 364
"../../../Engine/Content/EngineSky/SM_SkySphere.ubulk" 365
"../../../Engine/Content/EngineSky/SM_SkySphere.uasset" 366
"../../../Engine/Content/EngineSky/SM_SkySphere.uexp" 367
"../../../Engine/Content/EngineSky/M_SimpleSkyDome.uasset" 368
"../../../Engine/Content/EngineSky/M_SimpleSkyDome.uexp" 369
"../../../Engine/Content/EngineResources/WhiteSquareTexture.uasset" 370
"../../../Engine/Content/EngineResources/WhiteSquareTexture.uexp" 371
"../../../Engine/Content/EngineMaterials/Widget3DPassThrough.uasset" 372
"../../../Engine/Content/EngineMaterials/Widget3DPassThrough.uexp" 373
"../../../Engine/Content/EngineMaterials/Widget3DPassThrough_Translucent.uasset" 374
"../../../Engine/Content/EngineMaterials/Widget3DPassThrough_Translucent.uexp" 375
"../../../Engine/Content/EngineMaterials/Widget3DPassThrough_Translucent_OneSided.uasset" 376
"../../../Engine/Content/EngineMaterials/Widget3DPassThrough_Translucent_OneSided.uexp" 377
"../../../Engine/Content/EngineMaterials/Widget3DPassThrough_Opaque.uasset" 378
"../../../Engine/Content/EngineMaterials/Widget3DPassThrough_Opaque.uexp" 379
"../../../Engine/Content/EngineMaterials/Widget3DPassThrough_Opaque_OneSided.uasset" 380
"../../../Engine/Content/EngineMaterials/Widget3DPassThrough_Opaque_OneSided.uexp" 381
"../../../Engine/Content/EngineMaterials/Widget3DPassThrough_Masked_OneSided.uasset" 382
"../../../Engine/Content/EngineMaterials/Widget3DPassThrough_Masked_OneSided.uexp" 383
"../../../Engine/Content/EngineMaterials/Widget3DPassThrough_Masked.uasset" 384
"../../../Engine/Content/EngineMaterials/Widget3DPassThrough_Masked.uexp" 385
"../../../Engine/Content/EngineMaterials/STBlueNoise_vec2_128x128x64.uasset" 386
"../../../Engine/Content/EngineMaterials/STBlueNoise_vec2_128x128x64.uexp" 387
"../../../Engine/Content/EngineMaterials/STBlueNoise_scalar_128x128x64.uasset" 388
"../../../Engine/Content/EngineMaterials/STBlueNoise_scalar_128x128x64.uexp" 389
"../../../Engine/Content/EngineMaterials/RemoveSurfaceMaterial.uasset" 390
"../../../Engine/Content/EngineMaterials/RemoveSurfaceMaterial.uexp" 391
"../../../Engine/Content/EngineMaterials/DefaultCalibrationGrayscale.uasset" 392
"../../../Engine/Content/EngineMaterials/DefaultCalibrationGrayscale.uexp" 393
"../../../Engine/Content/EngineMaterials/PPM_DefaultCalibrationGrayscale.uasset" 394
"../../../Engine/Content/EngineMaterials/PPM_DefaultCalibrationGrayscale.uexp" 395
"../../../Engine/Content/EngineMaterials/DefaultCalibrationColor.uasset" 396
"../../../Engine/Content/EngineMaterials/DefaultCalibrationColor.uexp" 397
"../../../Engine/Content/EngineMaterials/PPM_DefaultCalibrationColor.uasset" 398
"../../../Engine/Content/EngineMaterials/PPM_DefaultCalibrationColor.uexp" 399
"../../../Engine/Content/EngineMaterials/PhAT_JointLimitMaterial.uasset" 400
"../../../Engine/Content/EngineMaterials/PhAT_JointLimitMaterial.uexp" 401
"../../../Engine/Content/EngineMaterials/NaniteHiddenSectionMaterial.uasset" 402
"../../../Engine/Content/EngineMaterials/NaniteHiddenSectionMaterial.uexp" 403
"../../../Engine/Content/EngineMaterials/InvalidLightmapSettings.ubulk" 404
"../../../Engine/Content/EngineMaterials/InvalidLightmapSettings.uasset" 405
"../../../Engine/Content/EngineMaterials/InvalidLightmapSettings.uexp" 406
"../../../Engine/Content/EngineMaterials/M_InvalidLightmapSettings.uasset" 407
"../../../Engine/Content/EngineMaterials/M_InvalidLightmapSettings.uexp" 408
"../../../Engine/Content/EngineMaterials/GizmoMaterial.uasset" 409
"../../../Engine/Content/EngineMaterials/GizmoMaterial.uexp" 410
"../../../Engine/Content/EngineMaterials/BaseFlattenEmissiveMap_VT.uasset" 411
"../../../Engine/Content/EngineMaterials/BaseFlattenEmissiveMap_VT.uexp" 412
"../../../Engine/Content/EngineMaterials/BaseFlattenGrayscaleMap_VT.uasset" 413
"../../../Engine/Content/EngineMaterials/BaseFlattenGrayscaleMap_VT.uexp" 414
"../../../Engine/Content/EngineMaterials/BaseFlattenLinearColor_VT.uasset" 415
"../../../Engine/Content/EngineMaterials/BaseFlattenLinearColor_VT.uexp" 416
"../../../Engine/Content/EngineMaterials/Black_1x1_EXR_Texture_VT.uasset" 417
"../../../Engine/Content/EngineMaterials/Black_1x1_EXR_Texture_VT.uexp" 418
"../../../Engine/Content/EngineMaterials/BaseFlattenDiffuseMap_VT.uasset" 419
"../../../Engine/Content/EngineMaterials/BaseFlattenDiffuseMap_VT.uexp" 420
"../../../Engine/Content/EngineMaterials/BaseFlattenNormalMap_VT.uasset" 421
"../../../Engine/Content/EngineMaterials/BaseFlattenNormalMap_VT.uexp" 422
"../../../Engine/Content/EngineMaterials/FlattenMaterial_WS_Normal_VT.uasset" 423
"../../../Engine/Content/EngineMaterials/FlattenMaterial_WS_Normal_VT.uexp" 424
"../../../Engine/Content/EngineMaterials/FlattenMaterial_VT.uasset" 425
"../../../Engine/Content/EngineMaterials/FlattenMaterial_VT.uexp" 426
"../../../Engine/Content/EngineMaterials/BaseFlattenNormalMap.uasset" 427
"../../../Engine/Content/EngineMaterials/BaseFlattenNormalMap.uexp" 428
"../../../Engine/Content/EngineMaterials/BaseFlattenGrayscaleMap.uasset" 429
"../../../Engine/Content/EngineMaterials/BaseFlattenGrayscaleMap.uexp" 430
"../../../Engine/Content/EngineMaterials/BaseFlattenDiffuseMap.uasset" 431
"../../../Engine/Content/EngineMaterials/BaseFlattenDiffuseMap.uexp" 432
"../../../Engine/Content/Functions/Engine_MaterialFunctions02/PivotPainter2/Black_1x1_EXR_Texture.uasset" 433
"../../../Engine/Content/Functions/Engine_MaterialFunctions02/PivotPainter2/Black_1x1_EXR_Texture.uexp" 434
"../../../Engine/Content/EngineMaterials/BaseFlattenEmissiveMap.uasset" 435
"../../../Engine/Content/EngineMaterials/BaseFlattenEmissiveMap.uexp" 436
"../../../Engine/Content/EngineMaterials/BaseFlattenLinearColor.uasset" 437
"../../../Engine/Content/EngineMaterials/BaseFlattenLinearColor.uexp" 438
"../../../Engine/Content/EngineMaterials/FlattenMaterial.uasset" 439
"../../../Engine/Content/EngineMaterials/FlattenMaterial.uexp" 440
"../../../Engine/Content/EngineMaterials/DefaultWhiteGrid_Low.uasset" 441
"../../../Engine/Content/EngineMaterials/DefaultWhiteGrid_Low.uexp" 442
"../../../Engine/Content/EngineMaterials/EmissiveMeshMaterial.uasset" 443
"../../../Engine/Content/EngineMaterials/EmissiveMeshMaterial.uexp" 444
"../../../Engine/Content/EngineFonts/RobotoDistanceField.uasset" 445
"../../../Engine/Content/EngineFonts/RobotoDistanceField.uexp" 446
"../../../Engine/Content/EngineMaterials/DefaultTextMaterialOpaque.uasset" 447
"../../../Engine/Content/EngineMaterials/DefaultTextMaterialOpaque.uexp" 448
"../../../Engine/Content/EngineMaterials/DefaultDiffuse.ubulk" 449
"../../../Engine/Content/EngineMaterials/DefaultDiffuse.uasset" 450
"../../../Engine/Content/EngineMaterials/DefaultDiffuse.uexp" 451
"../../../Engine/Content/Functions/Engine_MaterialFunctions02/Utility/BreakOutFloat2Components.uasset" 452
"../../../Engine/Content/Functions/Engine_MaterialFunctions02/Utility/BreakOutFloat2Components.uexp" 453
"../../../Engine/Content/EngineMaterials/DefaultPostProcessMaterial.uasset" 454
"../../../Engine/Content/EngineMaterials/DefaultPostProcessMaterial.uexp" 455
"../../../Engine/Content/EngineMaterials/DefaultPhysicalMaterial.uasset" 456
"../../../Engine/Content/EngineMaterials/DefaultPhysicalMaterial.uexp" 457
"../../../Engine/Content/EngineMaterials/DefaultLightFunctionMaterial.uasset" 458
"../../../Engine/Content/EngineMaterials/DefaultLightFunctionMaterial.uexp" 459
"../../../Engine/Content/EngineMaterials/DefaultDestructiblePhysicalMaterial.uasset" 460
"../../../Engine/Content/EngineMaterials/DefaultDestructiblePhysicalMaterial.uexp" 461
"../../../Engine/Content/EngineMaterials/DefaultDeferredDecalMaterial.uasset" 462
"../../../Engine/Content/EngineMaterials/DefaultDeferredDecalMaterial.uexp" 463
"../../../Engine/Content/EngineMaterials/DefaultBloomKernel.uasset" 464
"../../../Engine/Content/EngineMaterials/DefaultBloomKernel.uexp" 465
"../../../Engine/Content/EngineFonts/Faces/RobotoLight.uexp" 466
"../../../Engine/Content/EngineFonts/Faces/RobotoLight.uasset" 467
"../../../Engine/Content/EngineFonts/Faces/RobotoLight.ufont" 468
"../../../Engine/Content/EngineFonts/Faces/RobotoBold.uexp" 469
"../../../Engine/Content/EngineFonts/Faces/RobotoBold.uasset" 470
"../../../Engine/Content/EngineFonts/Faces/RobotoBold.ufont" 471
"../../../Engine/Content/EngineFonts/Faces/RobotoRegular.uexp" 472
"../../../Engine/Content/EngineFonts/Faces/RobotoRegular.uasset" 473
"../../../Engine/Content/EngineFonts/Faces/RobotoRegular.ufont" 474
"../../../Engine/Content/EngineFonts/Faces/DroidSansFallback.uexp" 475
"../../../Engine/Content/EngineFonts/Faces/DroidSansFallback.uasset" 476
"../../../Engine/Content/EngineFonts/Faces/DroidSansFallback.ufont" 477
"../../../Engine/Content/EngineFonts/Faces/RobotoItalic.uexp" 478
"../../../Engine/Content/EngineFonts/Faces/RobotoItalic.uasset" 479
"../../../Engine/Content/EngineFonts/Faces/RobotoItalic.ufont" 480
"../../../Engine/Content/EngineFonts/Faces/RobotoBoldItalic.uexp" 481
"../../../Engine/Content/EngineFonts/Faces/RobotoBoldItalic.uasset" 482
"../../../Engine/Content/EngineFonts/Faces/RobotoBoldItalic.ufont" 483
"../../../Engine/Content/EngineFonts/Roboto.uasset" 484
"../../../Engine/Content/EngineFonts/Roboto.uexp" 485
"../../../Engine/Content/Functions/Engine_MaterialFunctions02/Utility/CameraDirectionVector.uasset" 486
"../../../Engine/Content/Functions/Engine_MaterialFunctions02/Utility/CameraDirectionVector.uexp" 487
"../../../Engine/Content/EngineDebugMaterials/VolumeToRender.uasset" 488
"../../../Engine/Content/EngineDebugMaterials/VolumeToRender.uexp" 489
"../../../Engine/Content/EngineDebugMaterials/M_VolumeRenderSphereTracePP.uasset" 490
"../../../Engine/Content/EngineDebugMaterials/M_VolumeRenderSphereTracePP.uexp" 491
"../../../Engine/Content/EngineDebugMaterials/M_SimpleUnlitTranslucent.uasset" 492
"../../../Engine/Content/EngineDebugMaterials/M_SimpleUnlitTranslucent.uexp" 493
"../../../Engine/Content/EngineDebugMaterials/DebugMeshMaterial.uasset" 494
"../../../Engine/Content/EngineDebugMaterials/DebugMeshMaterial.uexp" 495
"../../../Engine/Content/EngineDebugMaterials/DebugEditorMaterial.uasset" 496
"../../../Engine/Content/EngineDebugMaterials/DebugEditorMaterial.uexp" 497
"../../../Engine/Content/EngineDamageTypes/DmgTypeBP_Environmental.uasset" 498
"../../../Engine/Content/EngineDamageTypes/DmgTypeBP_Environmental.uexp" 499
"../../../Engine/Content/EditorResources/S_Terrain.ubulk" 500
"../../../Engine/Content/EditorResources/S_Terrain.uasset" 501
"../../../Engine/Content/EditorResources/S_Terrain.uexp" 502
"../../../Engine/Content/EditorResources/EmptyActor.uasset" 503
"../../../Engine/Content/EditorResources/EmptyActor.uexp" 504
"../../../Engine/Content/EditorResources/BSPVertex.uasset" 505
"../../../Engine/Content/EditorResources/BSPVertex.uexp" 506
"../../../Engine/Content/EditorMaterials/PreviewShadowIndicator.ubulk" 507
"../../../Engine/Content/EditorMaterials/PreviewShadowIndicator.uasset" 508
"../../../Engine/Content/EditorMaterials/PreviewShadowIndicator.uexp" 509
"../../../Engine/Content/EditorMaterials/PreviewShadowIndicatorMaterial.uasset" 510
"../../../Engine/Content/EditorMaterials/PreviewShadowIndicatorMaterial.uexp" 511
"../../../Engine/Content/EditorMaterials/PhAT_UnselectedMaterial.uasset" 512
"../../../Engine/Content/EditorMaterials/PhAT_UnselectedMaterial.uexp" 513
"../../../Engine/Content/EditorMaterials/PhAT_NoCollisionMaterial.uasset" 514
"../../../Engine/Content/EditorMaterials/PhAT_NoCollisionMaterial.uexp" 515
"../../../Engine/Content/EditorLandscapeResources/DefaultAlphaTexture.uasset" 516
"../../../Engine/Content/EditorLandscapeResources/DefaultAlphaTexture.uexp" 517
"../../../Engine/Content/EditorLandscapeResources/DataLayer.uasset" 518
"../../../Engine/Content/EditorLandscapeResources/DataLayer.uexp" 519
"../../../Engine/Content/EngineMaterials/DefaultMaterial.uasset" 520
"../../../Engine/Content/EngineMaterials/DefaultMaterial.uexp" 521
"../../../Engine/Content/BasicShapes/Sphere.ubulk" 522
"../../../Engine/Content/BasicShapes/Sphere.uasset" 523
"../../../Engine/Content/BasicShapes/Sphere.uexp" 524
"../../../Engine/Content/BasicShapes/Plane.ubulk" 525
"../../../Engine/Content/BasicShapes/Plane.uasset" 526
"../../../Engine/Content/BasicShapes/Plane.uexp" 527
"../../../Engine/Content/BasicShapes/Cylinder.ubulk" 528
"../../../Engine/Content/BasicShapes/Cylinder.uasset" 529
"../../../Engine/Content/BasicShapes/Cylinder.uexp" 530
"../../../Engine/Content/BasicShapes/Cube.ubulk" 531
"../../../Engine/Content/BasicShapes/Cube.uasset" 532
"../../../Engine/Content/BasicShapes/Cube.uexp" 533
"../../../Engine/Content/BasicShapes/Cone.ubulk" 534
"../../../Engine/Content/BasicShapes/Cone.uasset" 535
"../../../Engine/Content/BasicShapes/Cone.uexp" 536
"../../../Engine/Content/Animation/DefaultRecorderBoneCompression.uasset" 537
"../../../Engine/Content/Animation/DefaultRecorderBoneCompression.uexp" 538
"../../../Engine/Content/Animation/DefaultAnimCurveCompressionSettings.uasset" 539
"../../../Engine/Content/Animation/DefaultAnimCurveCompressionSettings.uexp" 540
"../../../Engine/Content/Animation/DefaultAnimBoneCompressionSettings.uasset" 541
"../../../Engine/Content/Animation/DefaultAnimBoneCompressionSettings.uexp" 542
"../../../Engine/Content/EngineMaterials/BlendFunc_DefBlend.uasset" 543
"../../../Engine/Content/EngineMaterials/BlendFunc_DefBlend.uexp" 544
"../../../Engine/Content/EngineMaterials/BlendFunc_DefBase.uasset" 545
"../../../Engine/Content/EngineMaterials/BlendFunc_DefBase.uexp" 546
"../../../Engine/Content/Functions/Engine_MaterialFunctions03/Blends/Blend_Overlay.uasset" 547
"../../../Engine/Content/Functions/Engine_MaterialFunctions03/Blends/Blend_Overlay.uexp" 548
"../../../Engine/Content/OpenWorldTemplate/LandscapeMaterial/T_GridChecker_A.ubulk" 549
"../../../Engine/Content/OpenWorldTemplate/LandscapeMaterial/T_GridChecker_A.uasset" 550
"../../../Engine/Content/OpenWorldTemplate/LandscapeMaterial/T_GridChecker_A.uexp" 551
"../../../Engine/Content/Functions/Engine_MaterialFunctions02/Utility/MakeFloat3.uasset" 552
"../../../Engine/Content/Functions/Engine_MaterialFunctions02/Utility/MakeFloat3.uexp" 553
"../../../Engine/Content/Functions/Engine_MaterialFunctions01/Gradient/LinearGradient.uasset" 554
"../../../Engine/Content/Functions/Engine_MaterialFunctions01/Gradient/LinearGradient.uexp" 555
"../../../Engine/Content/Functions/Engine_MaterialFunctions01/ImageAdjustment/CheapContrast.uasset" 556
"../../../Engine/Content/Functions/Engine_MaterialFunctions01/ImageAdjustment/CheapContrast.uexp" 557
"../../../Engine/Content/OpenWorldTemplate/LandscapeMaterial/MF_ProcGrid.uasset" 558
"../../../Engine/Content/OpenWorldTemplate/LandscapeMaterial/MF_ProcGrid.uexp" 559
"../../../Engine/Content/OpenWorldTemplate/LandscapeMaterial/M_ProcGrid.uasset" 560
"../../../Engine/Content/OpenWorldTemplate/LandscapeMaterial/M_ProcGrid.uexp" 561
"../../../Engine/Content/MobileResources/HUD/VirtualJoystick_Background.uasset" 562
"../../../Engine/Content/MobileResources/HUD/VirtualJoystick_Background.uexp" 563
"../../../Engine/Content/MobileResources/HUD/VirtualJoystick_Thumb.uasset" 564
"../../../Engine/Content/MobileResources/HUD/VirtualJoystick_Thumb.uexp" 565
"../../../Engine/Content/MobileResources/HUD/DefaultVirtualJoysticks.uasset" 566
"../../../Engine/Content/MobileResources/HUD/DefaultVirtualJoysticks.uexp" 567
"../../../Engine/Content/EngineSky/VolumetricClouds/CloudWeatherTexture.uasset" 568
"../../../Engine/Content/EngineSky/VolumetricClouds/CloudWeatherTexture.uexp" 569
"../../../Engine/Content/Functions/Engine_MaterialFunctions02/Utility/MakeFloat2.uasset" 570
"../../../Engine/Content/Functions/Engine_MaterialFunctions02/Utility/MakeFloat2.uexp" 571
"../../../Engine/Content/EngineSky/VolumetricClouds/CloudGradientTexture.uasset" 572
"../../../Engine/Content/EngineSky/VolumetricClouds/CloudGradientTexture.uexp" 573
"../../../Engine/Content/EngineSky/VolumetricClouds/T_NoiseShape64.ubulk" 574
"../../../Engine/Content/EngineSky/VolumetricClouds/T_NoiseShape64.uasset" 575
"../../../Engine/Content/EngineSky/VolumetricClouds/T_NoiseShape64.uexp" 576
"../../../Engine/Content/EngineSky/VolumetricClouds/T_VolumeNoiseShape64.uasset" 577
"../../../Engine/Content/EngineSky/VolumetricClouds/T_VolumeNoiseShape64.uexp" 578
"../../../Engine/Content/EngineSky/VolumetricClouds/T_NoiseErosion.ubulk" 579
"../../../Engine/Content/EngineSky/VolumetricClouds/T_NoiseErosion.uasset" 580
"../../../Engine/Content/EngineSky/VolumetricClouds/T_NoiseErosion.uexp" 581
"../../../Engine/Content/EngineSky/VolumetricClouds/T_VolumeNoiseErosion32.uasset" 582
"../../../Engine/Content/EngineSky/VolumetricClouds/T_VolumeNoiseErosion32.uexp" 583
"../../../Engine/Content/EngineSky/VolumetricClouds/m_SimpleVolumetricCloud.uasset" 584
"../../../Engine/Content/EngineSky/VolumetricClouds/m_SimpleVolumetricCloud.uexp" 585
"../../../Engine/Content/EngineSky/VolumetricClouds/m_SimpleVolumetricCloud_Inst.uasset" 586
"../../../Engine/Content/EngineSky/VolumetricClouds/m_SimpleVolumetricCloud_Inst.uexp" 587
"../../../Engine/Content/EngineResources/FilmGrains/Marcie_Grain_v3_128_M2_000.uasset" 588
"../../../Engine/Content/EngineResources/FilmGrains/Marcie_Grain_v3_128_M2_000.uexp" 589
"../../../Engine/Content/EditorResources/SequenceRecorder/RecordingIndicator.uasset" 590
"../../../Engine/Content/EditorResources/SequenceRecorder/RecordingIndicator.uexp" 591
"../../../Engine/Content/EditorResources/SequenceRecorder/Countdown.uasset" 592
"../../../Engine/Content/EditorResources/SequenceRecorder/Countdown.uexp" 593
"../../../Engine/Content/Functions/Engine_MaterialFunctions01/Shading/PowerToRoughness.uasset" 594
"../../../Engine/Content/Functions/Engine_MaterialFunctions01/Shading/PowerToRoughness.uexp" 595
"../../../Engine/Content/Functions/Engine_MaterialFunctions01/Shading/ConvertFromDiffSpec.uasset" 596
"../../../Engine/Content/Functions/Engine_MaterialFunctions01/Shading/ConvertFromDiffSpec.uexp" 597
"../../../Engine/Content/Maps/Entry_BuiltData.uasset" 598
"../../../Engine/Content/Maps/Entry_BuiltData.uexp" 599
"../../../Engine/Content/Maps/Entry.uexp" 600
"../../../Engine/Content/Maps/Entry.umap" 601
"D:/projects/CodenamePaganism/Content/Characters/BP_PlayerController.uasset" 602
"D:/projects/CodenamePaganism/Content/Characters/BP_PlayerController.uexp" 603
"../../../Engine/Content/Tutorial/SubEditors/TutorialAssets/Character/TutorialTPP_Skeleton.uasset" 604
"../../../Engine/Content/Tutorial/SubEditors/TutorialAssets/Character/TutorialTPP_Skeleton.uexp" 605
"../../../Engine/Content/Tutorial/SubEditors/TutorialAssets/Character/TutorialTPP_Mat.uasset" 606
"../../../Engine/Content/Tutorial/SubEditors/TutorialAssets/Character/TutorialTPP_Mat.uexp" 607
"../../../Engine/Content/Tutorial/SubEditors/TutorialAssets/Character/TutorialTPP_PhysicsAsset.uasset" 608
"../../../Engine/Content/Tutorial/SubEditors/TutorialAssets/Character/TutorialTPP_PhysicsAsset.uexp" 609
"../../../Engine/Content/Tutorial/SubEditors/TutorialAssets/Character/TutorialTPP.uasset" 610
"../../../Engine/Content/Tutorial/SubEditors/TutorialAssets/Character/TutorialTPP.uexp" 611
"D:/projects/CodenamePaganism/Content/Characters/Inputs/ActionImputs/IA_Move.uasset" 612
"D:/projects/CodenamePaganism/Content/Characters/Inputs/ActionImputs/IA_Move.uexp" 613
"D:/projects/CodenamePaganism/Content/Characters/Inputs/ActionImputs/IA_Jump.uasset" 614
"D:/projects/CodenamePaganism/Content/Characters/Inputs/ActionImputs/IA_Jump.uexp" 615
"D:/projects/CodenamePaganism/Content/Characters/Inputs/ActionImputs/IA_Look.uasset" 616
"D:/projects/CodenamePaganism/Content/Characters/Inputs/ActionImputs/IA_Look.uexp" 617
"D:/projects/CodenamePaganism/Content/Characters/Inputs/IMC_OnFoot.uasset" 618
"D:/projects/CodenamePaganism/Content/Characters/Inputs/IMC_OnFoot.uexp" 619
"D:/projects/CodenamePaganism/Content/Characters/BP_BaseCharacter.uasset" 620
"D:/projects/CodenamePaganism/Content/Characters/BP_BaseCharacter.uexp" 621
"D:/projects/CodenamePaganism/Content/BP_GameMode.uasset" 622
"D:/projects/CodenamePaganism/Content/BP_GameMode.uexp" 623
"D:/projects/CodenamePaganism/Content/Maps/Test_HLOD0_Instancing.uasset" 624
"D:/projects/CodenamePaganism/Content/Maps/Test_HLOD0_Instancing.uexp" 625
"D:/projects/CodenamePaganism/Content/Maps/Test.uexp" 626
"D:/projects/CodenamePaganism/Content/Maps/Test.umap" 627
"D:/projects/CodenamePaganism/Content/Maps/Test/_Generated_/Test_MainGrid_L0_X0_Y-2.uexp" 628
"D:/projects/CodenamePaganism/Content/Maps/Test/_Generated_/Test_MainGrid_L0_X0_Y-2.ubulk" 629
"D:/projects/CodenamePaganism/Content/Maps/Test/_Generated_/Test_MainGrid_L0_X0_Y-2.umap" 630
"D:/projects/CodenamePaganism/Content/Maps/Test/_Generated_/Test_MainGrid_L0_X3_Y1.uexp" 631
"D:/projects/CodenamePaganism/Content/Maps/Test/_Generated_/Test_MainGrid_L0_X3_Y1.ubulk" 632
"D:/projects/CodenamePaganism/Content/Maps/Test/_Generated_/Test_MainGrid_L0_X3_Y1.umap" 633
"D:/projects/CodenamePaganism/Content/Maps/Test/_Generated_/Test_MainGrid_L0_X-3_Y0.uexp" 634
"D:/projects/CodenamePaganism/Content/Maps/Test/_Generated_/Test_MainGrid_L0_X-3_Y0.ubulk" 635
"D:/projects/CodenamePaganism/Content/Maps/Test/_Generated_/Test_MainGrid_L0_X-3_Y0.umap" 636
"D:/projects/CodenamePaganism/Content/Maps/Test/_Generated_/Test_MainGrid_L0_X-3_Y-3.uexp" 637
"D:/projects/CodenamePaganism/Content/Maps/Test/_Generated_/Test_MainGrid_L0_X-3_Y-3.ubulk" 638
"D:/projects/CodenamePaganism/Content/Maps/Test/_Generated_/Test_MainGrid_L0_X-3_Y-3.umap" 639
"D:/projects/CodenamePaganism/Content/Maps/Test/_Generated_/Test_MainGrid_L0_X-2_Y-2.uexp" 640
"D:/projects/CodenamePaganism/Content/Maps/Test/_Generated_/Test_MainGrid_L0_X-2_Y-2.ubulk" 641
"D:/projects/CodenamePaganism/Content/Maps/Test/_Generated_/Test_MainGrid_L0_X-2_Y-2.umap" 642
"D:/projects/CodenamePaganism/Content/Maps/Test/_Generated_/Test_MainGrid_L0_X-1_Y2.uexp" 643
"D:/projects/CodenamePaganism/Content/Maps/Test/_Generated_/Test_MainGrid_L0_X-1_Y2.ubulk" 644
"D:/projects/CodenamePaganism/Content/Maps/Test/_Generated_/Test_MainGrid_L0_X-1_Y2.umap" 645
"D:/projects/CodenamePaganism/Content/Maps/Test/_Generated_/Test_MainGrid_L0_X0_Y2.uexp" 646
"D:/projects/CodenamePaganism/Content/Maps/Test/_Generated_/Test_MainGrid_L0_X0_Y2.ubulk" 647
"D:/projects/CodenamePaganism/Content/Maps/Test/_Generated_/Test_MainGrid_L0_X0_Y2.umap" 648
"D:/projects/CodenamePaganism/Content/Maps/Test/_Generated_/Test_MainGrid_L0_X-3_Y3.uexp" 649
"D:/projects/CodenamePaganism/Content/Maps/Test/_Generated_/Test_MainGrid_L0_X-3_Y3.ubulk" 650
"D:/projects/CodenamePaganism/Content/Maps/Test/_Generated_/Test_MainGrid_L0_X-3_Y3.umap" 651
"D:/projects/CodenamePaganism/Content/Maps/Test/_Generated_/Test_MainGrid_L0_X3_Y-2.uexp" 652
"D:/projects/CodenamePaganism/Content/Maps/Test/_Generated_/Test_MainGrid_L0_X3_Y-2.ubulk" 653
"D:/projects/CodenamePaganism/Content/Maps/Test/_Generated_/Test_MainGrid_L0_X3_Y-2.umap" 654
"D:/projects/CodenamePaganism/Content/Maps/Test/_Generated_/Test_MainGrid_L0_X1_Y2.uexp" 655
"D:/projects/CodenamePaganism/Content/Maps/Test/_Generated_/Test_MainGrid_L0_X1_Y2.ubulk" 656
"D:/projects/CodenamePaganism/Content/Maps/Test/_Generated_/Test_MainGrid_L0_X1_Y2.umap" 657
"D:/projects/CodenamePaganism/Content/Maps/Test/_Generated_/Test_MainGrid_L0_X-1_Y-1.uexp" 658
"D:/projects/CodenamePaganism/Content/Maps/Test/_Generated_/Test_MainGrid_L0_X-1_Y-1.ubulk" 659
"D:/projects/CodenamePaganism/Content/Maps/Test/_Generated_/Test_MainGrid_L0_X-1_Y-1.umap" 660
"D:/projects/CodenamePaganism/Content/Maps/Test/_Generated_/Test_MainGrid_L0_X1_Y1.uexp" 661
"D:/projects/CodenamePaganism/Content/Maps/Test/_Generated_/Test_MainGrid_L0_X1_Y1.ubulk" 662
"D:/projects/CodenamePaganism/Content/Maps/Test/_Generated_/Test_MainGrid_L0_X1_Y1.umap" 663
"D:/projects/CodenamePaganism/Content/Maps/Test/_Generated_/Test_MainGrid_L0_X0_Y1.uexp" 664
"D:/projects/CodenamePaganism/Content/Maps/Test/_Generated_/Test_MainGrid_L0_X0_Y1.ubulk" 665
"D:/projects/CodenamePaganism/Content/Maps/Test/_Generated_/Test_MainGrid_L0_X0_Y1.umap" 666
"D:/projects/CodenamePaganism/Content/Maps/Test/_Generated_/Test_MainGrid_L0_X1_Y-1.uexp" 667
"D:/projects/CodenamePaganism/Content/Maps/Test/_Generated_/Test_MainGrid_L0_X1_Y-1.ubulk" 668
"D:/projects/CodenamePaganism/Content/Maps/Test/_Generated_/Test_MainGrid_L0_X1_Y-1.umap" 669
"D:/projects/CodenamePaganism/Content/Maps/Test/_Generated_/Test_MainGrid_L0_X0_Y-3.uexp" 670
"D:/projects/CodenamePaganism/Content/Maps/Test/_Generated_/Test_MainGrid_L0_X0_Y-3.ubulk" 671
"D:/projects/CodenamePaganism/Content/Maps/Test/_Generated_/Test_MainGrid_L0_X0_Y-3.umap" 672
"D:/projects/CodenamePaganism/Content/Maps/Test/_Generated_/Test_MainGrid_L0_X3_Y-3.uexp" 673
"D:/projects/CodenamePaganism/Content/Maps/Test/_Generated_/Test_MainGrid_L0_X3_Y-3.ubulk" 674
"D:/projects/CodenamePaganism/Content/Maps/Test/_Generated_/Test_MainGrid_L0_X3_Y-3.umap" 675
"D:/projects/CodenamePaganism/Content/Maps/Test/_Generated_/Test_MainGrid_L0_X-2_Y0.uexp" 676
"D:/projects/CodenamePaganism/Content/Maps/Test/_Generated_/Test_MainGrid_L0_X-2_Y0.ubulk" 677
"D:/projects/CodenamePaganism/Content/Maps/Test/_Generated_/Test_MainGrid_L0_X-2_Y0.umap" 678
"D:/projects/CodenamePaganism/Content/Maps/Test/_Generated_/Test_MainGrid_L0_X0_Y0.uexp" 679
"D:/projects/CodenamePaganism/Content/Maps/Test/_Generated_/Test_MainGrid_L0_X0_Y0.ubulk" 680
"D:/projects/CodenamePaganism/Content/Maps/Test/_Generated_/Test_MainGrid_L0_X0_Y0.umap" 681
"D:/projects/CodenamePaganism/Content/Maps/Test/_Generated_/Test_MainGrid_L0_X-2_Y3.uexp" 682
"D:/projects/CodenamePaganism/Content/Maps/Test/_Generated_/Test_MainGrid_L0_X-2_Y3.ubulk" 683
"D:/projects/CodenamePaganism/Content/Maps/Test/_Generated_/Test_MainGrid_L0_X-2_Y3.umap" 684
"D:/projects/CodenamePaganism/Content/Maps/Test/_Generated_/Test_MainGrid_L0_X-4_Y-4.uexp" 685
"D:/projects/CodenamePaganism/Content/Maps/Test/_Generated_/Test_MainGrid_L0_X-4_Y-4.ubulk" 686
"D:/projects/CodenamePaganism/Content/Maps/Test/_Generated_/Test_MainGrid_L0_X-4_Y-4.umap" 687
"D:/projects/CodenamePaganism/Content/Maps/Test/_Generated_/Test_MainGrid_L0_X-4_Y1.uexp" 688
"D:/projects/CodenamePaganism/Content/Maps/Test/_Generated_/Test_MainGrid_L0_X-4_Y1.ubulk" 689
"D:/projects/CodenamePaganism/Content/Maps/Test/_Generated_/Test_MainGrid_L0_X-4_Y1.umap" 690
"D:/projects/CodenamePaganism/Content/Maps/Test/_Generated_/Test_MainGrid_L0_X2_Y1.uexp" 691
"D:/projects/CodenamePaganism/Content/Maps/Test/_Generated_/Test_MainGrid_L0_X2_Y1.ubulk" 692
"D:/projects/CodenamePaganism/Content/Maps/Test/_Generated_/Test_MainGrid_L0_X2_Y1.umap" 693
"D:/projects/CodenamePaganism/Content/Maps/Test/_Generated_/Test_MainGrid_L0_X-2_Y1.uexp" 694
"D:/projects/CodenamePaganism/Content/Maps/Test/_Generated_/Test_MainGrid_L0_X-2_Y1.ubulk" 695
"D:/projects/CodenamePaganism/Content/Maps/Test/_Generated_/Test_MainGrid_L0_X-2_Y1.umap" 696
"D:/projects/CodenamePaganism/Content/Maps/Test/_Generated_/Test_MainGrid_L0_X2_Y0.uexp" 697
"D:/projects/CodenamePaganism/Content/Maps/Test/_Generated_/Test_MainGrid_L0_X2_Y0.ubulk" 698
"D:/projects/CodenamePaganism/Content/Maps/Test/_Generated_/Test_MainGrid_L0_X2_Y0.umap" 699
"D:/projects/CodenamePaganism/Content/Maps/Test/_Generated_/Test_MainGrid_L0_X-1_Y-4.uexp" 700
"D:/projects/CodenamePaganism/Content/Maps/Test/_Generated_/Test_MainGrid_L0_X-1_Y-4.ubulk" 701
"D:/projects/CodenamePaganism/Content/Maps/Test/_Generated_/Test_MainGrid_L0_X-1_Y-4.umap" 702
"D:/projects/CodenamePaganism/Content/Maps/Test/_Generated_/Test_MainGrid_L0_X2_Y-3.uexp" 703
"D:/projects/CodenamePaganism/Content/Maps/Test/_Generated_/Test_MainGrid_L0_X2_Y-3.ubulk" 704
"D:/projects/CodenamePaganism/Content/Maps/Test/_Generated_/Test_MainGrid_L0_X2_Y-3.umap" 705
"D:/projects/CodenamePaganism/Content/Maps/Test/_Generated_/Test_MainGrid_L0_X1_Y-4.uexp" 706
"D:/projects/CodenamePaganism/Content/Maps/Test/_Generated_/Test_MainGrid_L0_X1_Y-4.ubulk" 707
"D:/projects/CodenamePaganism/Content/Maps/Test/_Generated_/Test_MainGrid_L0_X1_Y-4.umap" 708
"D:/projects/CodenamePaganism/Content/Maps/Test/_Generated_/Test_MainGrid_L0_X-1_Y0.uexp" 709
"D:/projects/CodenamePaganism/Content/Maps/Test/_Generated_/Test_MainGrid_L0_X-1_Y0.ubulk" 710
"D:/projects/CodenamePaganism/Content/Maps/Test/_Generated_/Test_MainGrid_L0_X-1_Y0.umap" 711
"D:/projects/CodenamePaganism/Content/Maps/Test/_Generated_/Test_MainGrid_L0_X-3_Y2.uexp" 712
"D:/projects/CodenamePaganism/Content/Maps/Test/_Generated_/Test_MainGrid_L0_X-3_Y2.ubulk" 713
"D:/projects/CodenamePaganism/Content/Maps/Test/_Generated_/Test_MainGrid_L0_X-3_Y2.umap" 714
"D:/projects/CodenamePaganism/Content/Maps/Test/_Generated_/Test_MainGrid_L0_X-4_Y3.uexp" 715
"D:/projects/CodenamePaganism/Content/Maps/Test/_Generated_/Test_MainGrid_L0_X-4_Y3.ubulk" 716
"D:/projects/CodenamePaganism/Content/Maps/Test/_Generated_/Test_MainGrid_L0_X-4_Y3.umap" 717
"D:/projects/CodenamePaganism/Content/Maps/Test/_Generated_/Test_MainGrid_L0_X-2_Y-4.uexp" 718
"D:/projects/CodenamePaganism/Content/Maps/Test/_Generated_/Test_MainGrid_L0_X-2_Y-4.ubulk" 719
"D:/projects/CodenamePaganism/Content/Maps/Test/_Generated_/Test_MainGrid_L0_X-2_Y-4.umap" 720
"D:/projects/CodenamePaganism/Content/Maps/Test/_Generated_/Test_MainGrid_L0_X2_Y-2.uexp" 721
"D:/projects/CodenamePaganism/Content/Maps/Test/_Generated_/Test_MainGrid_L0_X2_Y-2.ubulk" 722
"D:/projects/CodenamePaganism/Content/Maps/Test/_Generated_/Test_MainGrid_L0_X2_Y-2.umap" 723
"D:/projects/CodenamePaganism/Content/Maps/Test/_Generated_/Test_MainGrid_L0_X-4_Y-3.uexp" 724
"D:/projects/CodenamePaganism/Content/Maps/Test/_Generated_/Test_MainGrid_L0_X-4_Y-3.ubulk" 725
"D:/projects/CodenamePaganism/Content/Maps/Test/_Generated_/Test_MainGrid_L0_X-4_Y-3.umap" 726
"D:/projects/CodenamePaganism/Content/Maps/Test/_Generated_/Test_MainGrid_L0_X-4_Y0.uexp" 727
"D:/projects/CodenamePaganism/Content/Maps/Test/_Generated_/Test_MainGrid_L0_X-4_Y0.ubulk" 728
"D:/projects/CodenamePaganism/Content/Maps/Test/_Generated_/Test_MainGrid_L0_X-4_Y0.umap" 729
"D:/projects/CodenamePaganism/Content/Maps/Test/_Generated_/Test_MainGrid_L0_X-3_Y-4.uexp" 730
"D:/projects/CodenamePaganism/Content/Maps/Test/_Generated_/Test_MainGrid_L0_X-3_Y-4.ubulk" 731
"D:/projects/CodenamePaganism/Content/Maps/Test/_Generated_/Test_MainGrid_L0_X-3_Y-4.umap" 732
"D:/projects/CodenamePaganism/Content/Maps/Test/_Generated_/Test_MainGrid_L0_X1_Y3.uexp" 733
"D:/projects/CodenamePaganism/Content/Maps/Test/_Generated_/Test_MainGrid_L0_X1_Y3.ubulk" 734
"D:/projects/CodenamePaganism/Content/Maps/Test/_Generated_/Test_MainGrid_L0_X1_Y3.umap" 735
"D:/projects/CodenamePaganism/Content/Maps/Test/_Generated_/Test_MainGrid_L0_X-1_Y-2.uexp" 736
"D:/projects/CodenamePaganism/Content/Maps/Test/_Generated_/Test_MainGrid_L0_X-1_Y-2.ubulk" 737
"D:/projects/CodenamePaganism/Content/Maps/Test/_Generated_/Test_MainGrid_L0_X-1_Y-2.umap" 738
"D:/projects/CodenamePaganism/Content/Maps/Test/_Generated_/Test_MainGrid_L0_X3_Y-1.uexp" 739
"D:/projects/CodenamePaganism/Content/Maps/Test/_Generated_/Test_MainGrid_L0_X3_Y-1.ubulk" 740
"D:/projects/CodenamePaganism/Content/Maps/Test/_Generated_/Test_MainGrid_L0_X3_Y-1.umap" 741
"D:/projects/CodenamePaganism/Content/Maps/Test/_Generated_/Test_MainGrid_L0_X3_Y0.uexp" 742
"D:/projects/CodenamePaganism/Content/Maps/Test/_Generated_/Test_MainGrid_L0_X3_Y0.ubulk" 743
"D:/projects/CodenamePaganism/Content/Maps/Test/_Generated_/Test_MainGrid_L0_X3_Y0.umap" 744
"D:/projects/CodenamePaganism/Content/Maps/Test/_Generated_/Test_MainGrid_L0_X1_Y-3.uexp" 745
"D:/projects/CodenamePaganism/Content/Maps/Test/_Generated_/Test_MainGrid_L0_X1_Y-3.ubulk" 746
"D:/projects/CodenamePaganism/Content/Maps/Test/_Generated_/Test_MainGrid_L0_X1_Y-3.umap" 747
"D:/projects/CodenamePaganism/Content/Maps/Test/_Generated_/Test_MainGrid_L0_X2_Y-4.uexp" 748
"D:/projects/CodenamePaganism/Content/Maps/Test/_Generated_/Test_MainGrid_L0_X2_Y-4.ubulk" 749
"D:/projects/CodenamePaganism/Content/Maps/Test/_Generated_/Test_MainGrid_L0_X2_Y-4.umap" 750
"D:/projects/CodenamePaganism/Content/Maps/Test/_Generated_/Test_MainGrid_L0_X1_Y0.uexp" 751
"D:/projects/CodenamePaganism/Content/Maps/Test/_Generated_/Test_MainGrid_L0_X1_Y0.ubulk" 752
"D:/projects/CodenamePaganism/Content/Maps/Test/_Generated_/Test_MainGrid_L0_X1_Y0.umap" 753
"D:/projects/CodenamePaganism/Content/Maps/Test/_Generated_/Test_MainGrid_L0_X2_Y2.uexp" 754
"D:/projects/CodenamePaganism/Content/Maps/Test/_Generated_/Test_MainGrid_L0_X2_Y2.ubulk" 755
"D:/projects/CodenamePaganism/Content/Maps/Test/_Generated_/Test_MainGrid_L0_X2_Y2.umap" 756
"D:/projects/CodenamePaganism/Content/Maps/Test/_Generated_/Test_MainGrid_L0_X0_Y3.uexp" 757
"D:/projects/CodenamePaganism/Content/Maps/Test/_Generated_/Test_MainGrid_L0_X0_Y3.ubulk" 758
"D:/projects/CodenamePaganism/Content/Maps/Test/_Generated_/Test_MainGrid_L0_X0_Y3.umap" 759
"D:/projects/CodenamePaganism/Content/Maps/Test/_Generated_/Test_MainGrid_L0_X-4_Y-2.uexp" 760
"D:/projects/CodenamePaganism/Content/Maps/Test/_Generated_/Test_MainGrid_L0_X-4_Y-2.ubulk" 761
"D:/projects/CodenamePaganism/Content/Maps/Test/_Generated_/Test_MainGrid_L0_X-4_Y-2.umap" 762
"D:/projects/CodenamePaganism/Content/Maps/Test/_Generated_/Test_MainGrid_L0_X-2_Y2.uexp" 763
"D:/projects/CodenamePaganism/Content/Maps/Test/_Generated_/Test_MainGrid_L0_X-2_Y2.ubulk" 764
"D:/projects/CodenamePaganism/Content/Maps/Test/_Generated_/Test_MainGrid_L0_X-2_Y2.umap" 765
"D:/projects/CodenamePaganism/Content/Maps/Test/_Generated_/Test_MainGrid_L0_X-2_Y-1.uexp" 766
"D:/projects/CodenamePaganism/Content/Maps/Test/_Generated_/Test_MainGrid_L0_X-2_Y-1.ubulk" 767
"D:/projects/CodenamePaganism/Content/Maps/Test/_Generated_/Test_MainGrid_L0_X-2_Y-1.umap" 768
"D:/projects/CodenamePaganism/Content/Maps/Test/_Generated_/Test_MainGrid_L0_X-2_Y-3.uexp" 769
"D:/projects/CodenamePaganism/Content/Maps/Test/_Generated_/Test_MainGrid_L0_X-2_Y-3.ubulk" 770
"D:/projects/CodenamePaganism/Content/Maps/Test/_Generated_/Test_MainGrid_L0_X-2_Y-3.umap" 771
"D:/projects/CodenamePaganism/Content/Maps/Test/_Generated_/Test_MainGrid_L0_X-3_Y-2.uexp" 772
"D:/projects/CodenamePaganism/Content/Maps/Test/_Generated_/Test_MainGrid_L0_X-3_Y-2.ubulk" 773
"D:/projects/CodenamePaganism/Content/Maps/Test/_Generated_/Test_MainGrid_L0_X-3_Y-2.umap" 774
"D:/projects/CodenamePaganism/Content/Maps/Test/_Generated_/Test_MainGrid_L0_X-4_Y2.uexp" 775
"D:/projects/CodenamePaganism/Content/Maps/Test/_Generated_/Test_MainGrid_L0_X-4_Y2.ubulk" 776
"D:/projects/CodenamePaganism/Content/Maps/Test/_Generated_/Test_MainGrid_L0_X-4_Y2.umap" 777
"D:/projects/CodenamePaganism/Content/Maps/Test/_Generated_/Test_MainGrid_L0_X0_Y-1.uexp" 778
"D:/projects/CodenamePaganism/Content/Maps/Test/_Generated_/Test_MainGrid_L0_X0_Y-1.ubulk" 779
"D:/projects/CodenamePaganism/Content/Maps/Test/_Generated_/Test_MainGrid_L0_X0_Y-1.umap" 780
"D:/projects/CodenamePaganism/Content/Maps/Test/_Generated_/Test_MainGrid_L0_X-1_Y3.uexp" 781
"D:/projects/CodenamePaganism/Content/Maps/Test/_Generated_/Test_MainGrid_L0_X-1_Y3.ubulk" 782
"D:/projects/CodenamePaganism/Content/Maps/Test/_Generated_/Test_MainGrid_L0_X-1_Y3.umap" 783
"D:/projects/CodenamePaganism/Content/Maps/Test/_Generated_/Test_MainGrid_L0_X3_Y2.uexp" 784
"D:/projects/CodenamePaganism/Content/Maps/Test/_Generated_/Test_MainGrid_L0_X3_Y2.ubulk" 785
"D:/projects/CodenamePaganism/Content/Maps/Test/_Generated_/Test_MainGrid_L0_X3_Y2.umap" 786
"D:/projects/CodenamePaganism/Content/Maps/Test/_Generated_/Test_MainGrid_L0_X2_Y3.uexp" 787
"D:/projects/CodenamePaganism/Content/Maps/Test/_Generated_/Test_MainGrid_L0_X2_Y3.ubulk" 788
"D:/projects/CodenamePaganism/Content/Maps/Test/_Generated_/Test_MainGrid_L0_X2_Y3.umap" 789
"D:/projects/CodenamePaganism/Content/Maps/Test/_Generated_/Test_MainGrid_L0_X-1_Y-3.uexp" 790
"D:/projects/CodenamePaganism/Content/Maps/Test/_Generated_/Test_MainGrid_L0_X-1_Y-3.ubulk" 791
"D:/projects/CodenamePaganism/Content/Maps/Test/_Generated_/Test_MainGrid_L0_X-1_Y-3.umap" 792
"D:/projects/CodenamePaganism/Content/Maps/Test/_Generated_/Test_MainGrid_L0_X-1_Y1.uexp" 793
"D:/projects/CodenamePaganism/Content/Maps/Test/_Generated_/Test_MainGrid_L0_X-1_Y1.ubulk" 794
"D:/projects/CodenamePaganism/Content/Maps/Test/_Generated_/Test_MainGrid_L0_X-1_Y1.umap" 795
"D:/projects/CodenamePaganism/Content/Maps/Test/_Generated_/Test_MainGrid_L0_X2_Y-1.uexp" 796
"D:/projects/CodenamePaganism/Content/Maps/Test/_Generated_/Test_MainGrid_L0_X2_Y-1.ubulk" 797
"D:/projects/CodenamePaganism/Content/Maps/Test/_Generated_/Test_MainGrid_L0_X2_Y-1.umap" 798
"D:/projects/CodenamePaganism/Content/Maps/Test/_Generated_/Test_MainGrid_L0_X0_Y-4.uexp" 799
"D:/projects/CodenamePaganism/Content/Maps/Test/_Generated_/Test_MainGrid_L0_X0_Y-4.ubulk" 800
"D:/projects/CodenamePaganism/Content/Maps/Test/_Generated_/Test_MainGrid_L0_X0_Y-4.umap" 801
"D:/projects/CodenamePaganism/Content/Maps/Test/_Generated_/Test_MainGrid_L0_X3_Y-4.uexp" 802
"D:/projects/CodenamePaganism/Content/Maps/Test/_Generated_/Test_MainGrid_L0_X3_Y-4.ubulk" 803
"D:/projects/CodenamePaganism/Content/Maps/Test/_Generated_/Test_MainGrid_L0_X3_Y-4.umap" 804
"D:/projects/CodenamePaganism/Content/Maps/Test/_Generated_/Test_MainGrid_L0_X1_Y-2.uexp" 805
"D:/projects/CodenamePaganism/Content/Maps/Test/_Generated_/Test_MainGrid_L0_X1_Y-2.ubulk" 806
"D:/projects/CodenamePaganism/Content/Maps/Test/_Generated_/Test_MainGrid_L0_X1_Y-2.umap" 807
"D:/projects/CodenamePaganism/Content/Maps/Test/_Generated_/Test_MainGrid_L0_X-4_Y-1.uexp" 808
"D:/projects/CodenamePaganism/Content/Maps/Test/_Generated_/Test_MainGrid_L0_X-4_Y-1.ubulk" 809
"D:/projects/CodenamePaganism/Content/Maps/Test/_Generated_/Test_MainGrid_L0_X-4_Y-1.umap" 810
"D:/projects/CodenamePaganism/Content/Maps/Test/_Generated_/Test_MainGrid_L0_X3_Y3.uexp" 811
"D:/projects/CodenamePaganism/Content/Maps/Test/_Generated_/Test_MainGrid_L0_X3_Y3.ubulk" 812
"D:/projects/CodenamePaganism/Content/Maps/Test/_Generated_/Test_MainGrid_L0_X3_Y3.umap" 813
"D:/projects/CodenamePaganism/Content/Maps/Test/_Generated_/Test_MainGrid_L0_X-3_Y-1.uexp" 814
"D:/projects/CodenamePaganism/Content/Maps/Test/_Generated_/Test_MainGrid_L0_X-3_Y-1.ubulk" 815
"D:/projects/CodenamePaganism/Content/Maps/Test/_Generated_/Test_MainGrid_L0_X-3_Y-1.umap" 816
"D:/projects/CodenamePaganism/Content/Maps/Test/_Generated_/Test_MainGrid_L0_X-3_Y1.uexp" 817
"D:/projects/CodenamePaganism/Content/Maps/Test/_Generated_/Test_MainGrid_L0_X-3_Y1.ubulk" 818
"D:/projects/CodenamePaganism/Content/Maps/Test/_Generated_/Test_MainGrid_L0_X-3_Y1.umap" 819
